<?xml version="1.0" encoding="UTF-8"?>
<!-- Generated by org.testng.reporters.JUnitXMLReporter -->
<testsuite ignored="0" hostname="LAPTOP-ONP8DBTT" failures="0" tests="4" name="Default test" time="16.668" errors="0" timestamp="2023-06-25T22:42:52 IST">
  <testcase classname="Test_Classes.Put_TC1" name="extractor" time="12.211"/>
  <testcase classname="Test_Classes.Patch_TC1" name="extractor" time="2.066"/>
  <testcase classname="Test_Classes.Get_TC1" name="extractor" time="0.537"/>
  <testcase classname="Test_Classes.Post_TC1_Retry" name="extractor" time="1.457"/>
</testsuite> <!-- Default test -->
