<?xml version="1.0" encoding="UTF-8"?>
<!-- Generated by org.testng.reporters.JUnitXMLReporter -->
<testsuite ignored="0" hostname="LAPTOP-ONP8DBTT" failures="1" tests="5" name="Test" time="13.44" errors="0" timestamp="2023-07-03T18:43:15 IST">
  <testcase classname="Test_Classes.Post_TC1_Retry" name="validator" time="0.0">
    <failure type="org.testng.TestNGException" message="
Cannot inject @Test annotated Method [validator] with [class java.lang.String, class java.lang.String].
For more information on native dependency injection please refer to https://testng.org/doc/documentation-main.html#native-dependency-injection">
      <![CDATA[org.testng.TestNGException: 
Cannot inject @Test annotated Method [validator] with [class java.lang.String, class java.lang.String].
For more information on native dependency injection please refer to https://testng.org/doc/documentation-main.html#native-dependency-injection
at java.base/java.util.ArrayList.forEach(ArrayList.java:1511)
... Removed 26 stack frames]]>
    </failure>
  </testcase> <!-- validator -->
  <testcase classname="Test_Classes.Post_TC1_Retry" name="extractor" time="8.036"/>
  <testcase classname="Test_Classes.Put_TC1" name="extractor" time="2.029"/>
  <testcase classname="Test_Classes.Patch_TC1" name="extractor" time="1.966"/>
  <testcase classname="Test_Classes.Get_TC1" name="extractor" time="0.997"/>
</testsuite> <!-- Test -->
